[debug] > Exec(early(addDefaultCommands), None, None)
[debug] > Exec(addDefaultCommands, None, None)
[debug] > Exec(early(initialize), None, None)
[debug] > Exec(initialize, None, None)
[debug] > Exec(boot, None, None)
[debug] > Exec(writeSbtVersion, None, None)
[debug] > Exec(reload, None, None)
[debug] > Exec(sbtStashOnFailure, None, None)
[debug] > Exec(onFailure loadFailed, None, None)
[debug] > Exec(loadp, None, None)
[info] welcome to sbt 1.4.7 (Private Build Java 1.8.0_292)
[debug]       Load.loadUnit: plugins took 85.200879ms
[debug]       Load.loadUnit: defsScala took 0.466628ms
[debug] [Loading] Scanning directory /home/gonza/.sbt/1.0/plugins
[debug] [Loading] Found non-root projects 
[debug] [Loading] Done in /home/gonza/.sbt/1.0/plugins, returning: ()
[debug] deducing auto plugins based on known facts Set(Atom(sbt.plugins.CorePlugin)) and clauses Clauses(List(Clause(Atom(sbt.plugins.JvmPlugin),Set(Atom(sbt.plugins.IvyPlugin))), Clause(Atom(sbt.ScriptedPlugin),Set(Atom(sbt.plugins.JvmPlugin))), Clause(Atom(sbt.plugins.SbtPlugin),Set(Atom(sbt.ScriptedPlugin))), Clause(Atom(sbt.plugins.SemanticdbPlugin),Set(Atom(sbt.plugins.JvmPlugin))), Clause(Atom(sbt.plugins.JUnitXmlReportPlugin),Set(Atom(sbt.plugins.JvmPlugin))), Clause(Atom(sbt.plugins.MiniDependencyTreePlugin),Set(Atom(sbt.plugins.JvmPlugin))), Clause(Atom(sbt.plugins.CorePlugin),Set(Atom(sbt.plugins.IvyPlugin))), Clause(Atom(sbt.plugins.IvyPlugin),Set(Atom(sbt.plugins.JvmPlugin))), Clause(Atom(sbt.plugins.JvmPlugin),Set(Atom(sbt.plugins.SemanticdbPlugin))), Clause(Atom(sbt.plugins.JvmPlugin),Set(Atom(sbt.plugins.JUnitXmlReportPlugin))), Clause(Atom(sbt.plugins.CorePlugin),Set(Atom(sbt.plugins.Giter8TemplatePlugin))), Clause(Atom(sbt.plugins.JvmPlugin),Set(Atom(sbt.plugins.MiniDependencyTreePlugin)))))
[debug]   :: deduced result: Matched(sbt.plugins.CorePlugin,sbt.plugins.Giter8TemplatePlugin,sbt.plugins.IvyPlugin,sbt.plugins.JvmPlugin,sbt.plugins.MiniDependencyTreePlugin,sbt.plugins.JUnitXmlReportPlugin,sbt.plugins.SemanticdbPlugin)
[debug] Plugins.deducer#function took 30.651745 ms
[debug]           Load.resolveProject(global-plugins) took 213.046381ms
[debug]         Load.loadTransitive: finalizeProject(Project(id global-plugins, base: /home/gonza/.sbt/1.0/plugins, plugins: List(<none>))) took 281.269212ms
[debug] [Loading] Done in /home/gonza/.sbt/1.0/plugins, returning: (global-plugins)
[debug]       Load.loadUnit: loadedProjectsRaw took 308.566935ms
[debug]       Load.loadUnit: cleanEvalClasses took 0.376542ms
[debug]     Load.loadUnit(file:/home/gonza/.sbt/1.0/plugins/, ...) took 405.79371ms
[debug]   Load.apply: load took 626.643649ms
[debug]   Load.apply: resolveProjects took 8.304438ms
[debug]   Load.apply: finalTransforms took 76.327333ms
[debug]   Load.apply: config.delegates took 10.559005ms
[debug]   Load.apply: Def.make(settings)... took 459.171819ms
[debug]   Load.apply: structureIndex took 131.212535ms
[debug]   Load.apply: mkStreams took 2.231939ms
[info] loading global plugins from /home/gonza/.sbt/1.0/plugins
[debug] Running task... Cancel: Signal, check cycles: false, forcegc: true
[debug] Load.defaultLoad until apply took 2981.69592ms
[debug]           Load.loadUnit: plugins took 19.847559ms
[debug]           Load.loadUnit: defsScala took 0.006639ms
[debug] [Loading] Scanning directory /home/gonza/Escritorio/InteliJ/project
[debug] [Loading] Found non-root projects 
[debug] [Loading] Done in /home/gonza/Escritorio/InteliJ/project, returning: ()
[debug] deducing auto plugins based on known facts Set(Atom(sbt.plugins.CorePlugin)) and clauses Clauses(List(Clause(Atom(sbt.plugins.JvmPlugin),Set(Atom(sbt.plugins.IvyPlugin))), Clause(Atom(sbt.ScriptedPlugin),Set(Atom(sbt.plugins.JvmPlugin))), Clause(Atom(sbt.plugins.SbtPlugin),Set(Atom(sbt.ScriptedPlugin))), Clause(Atom(sbt.plugins.SemanticdbPlugin),Set(Atom(sbt.plugins.JvmPlugin))), Clause(Atom(sbt.plugins.JUnitXmlReportPlugin),Set(Atom(sbt.plugins.JvmPlugin))), Clause(Atom(sbt.plugins.MiniDependencyTreePlugin),Set(Atom(sbt.plugins.JvmPlugin))), Clause(Atom(sbt.plugins.CorePlugin),Set(Atom(sbt.plugins.IvyPlugin))), Clause(Atom(sbt.plugins.IvyPlugin),Set(Atom(sbt.plugins.JvmPlugin))), Clause(Atom(sbt.plugins.JvmPlugin),Set(Atom(sbt.plugins.SemanticdbPlugin))), Clause(Atom(sbt.plugins.JvmPlugin),Set(Atom(sbt.plugins.JUnitXmlReportPlugin))), Clause(Atom(sbt.plugins.CorePlugin),Set(Atom(sbt.plugins.Giter8TemplatePlugin))), Clause(Atom(sbt.plugins.JvmPlugin),Set(Atom(sbt.plugins.MiniDependencyTreePlugin)))))
[debug]   :: deduced result: Matched(sbt.plugins.CorePlugin,sbt.plugins.Giter8TemplatePlugin,sbt.plugins.IvyPlugin,sbt.plugins.JvmPlugin,sbt.plugins.MiniDependencyTreePlugin,sbt.plugins.JUnitXmlReportPlugin,sbt.plugins.SemanticdbPlugin)
[debug] Plugins.deducer#function took 2.995881 ms
[debug]               Load.resolveProject(intelij-build) took 1.728044ms
[debug]             Load.loadTransitive: finalizeProject(Project(id intelij-build, base: /home/gonza/Escritorio/InteliJ/project, plugins: List(<none>))) took 5.576107ms
[debug] [Loading] Done in /home/gonza/Escritorio/InteliJ/project, returning: (intelij-build)
[debug]           Load.loadUnit: loadedProjectsRaw took 7.983521ms
[debug]           Load.loadUnit: cleanEvalClasses took 0.016378ms
[debug]         Load.loadUnit(file:/home/gonza/Escritorio/InteliJ/project/, ...) took 28.847031ms
[debug]       Load.apply: load took 30.281449ms
[debug]       Load.apply: resolveProjects took 0.159216ms
[debug]       Load.apply: finalTransforms took 15.697171ms
[debug]       Load.apply: config.delegates took 0.658416ms
[debug]       Load.apply: Def.make(settings)... took 96.632048ms
[debug]       Load.apply: structureIndex took 30.598005ms
[debug]       Load.apply: mkStreams took 0.003021ms
[info] loading project definition from /home/gonza/Escritorio/InteliJ/project
[debug] Running task... Cancel: Signal, check cycles: false, forcegc: true
[debug]     Load.loadUnit: plugins took 357.390885ms
[debug]     Load.loadUnit: defsScala took 0.004304ms
[debug] [Loading] Scanning directory /home/gonza/Escritorio/InteliJ
[debug]       Load.loadUnit: mkEval took 6.776262ms
[debug] [Loading] Found non-root projects 
[debug] [Loading] Done in /home/gonza/Escritorio/InteliJ, returning: ()
[debug] deducing auto plugins based on known facts Set(Atom(sbt.plugins.CorePlugin)) and clauses Clauses(List(Clause(Atom(sbt.plugins.JvmPlugin),Set(Atom(sbt.plugins.IvyPlugin))), Clause(Atom(sbt.ScriptedPlugin),Set(Atom(sbt.plugins.JvmPlugin))), Clause(Atom(sbt.plugins.SbtPlugin),Set(Atom(sbt.ScriptedPlugin))), Clause(Atom(sbt.plugins.SemanticdbPlugin),Set(Atom(sbt.plugins.JvmPlugin))), Clause(Atom(sbt.plugins.JUnitXmlReportPlugin),Set(Atom(sbt.plugins.JvmPlugin))), Clause(Atom(sbt.plugins.MiniDependencyTreePlugin),Set(Atom(sbt.plugins.JvmPlugin))), Clause(Atom(sbt.plugins.CorePlugin),Set(Atom(sbt.plugins.IvyPlugin))), Clause(Atom(sbt.plugins.IvyPlugin),Set(Atom(sbt.plugins.JvmPlugin))), Clause(Atom(sbt.plugins.JvmPlugin),Set(Atom(sbt.plugins.SemanticdbPlugin))), Clause(Atom(sbt.plugins.JvmPlugin),Set(Atom(sbt.plugins.JUnitXmlReportPlugin))), Clause(Atom(sbt.plugins.CorePlugin),Set(Atom(sbt.plugins.Giter8TemplatePlugin))), Clause(Atom(sbt.plugins.JvmPlugin),Set(Atom(sbt.plugins.MiniDependencyTreePlugin)))))
[debug]   :: deduced result: Matched(sbt.plugins.CorePlugin,sbt.plugins.Giter8TemplatePlugin,sbt.plugins.IvyPlugin,sbt.plugins.JvmPlugin,sbt.plugins.MiniDependencyTreePlugin,sbt.plugins.JUnitXmlReportPlugin,sbt.plugins.SemanticdbPlugin)
[debug] Plugins.deducer#function took 2.716566 ms
[info] loading settings for project intelij from build.sbt ...
[debug]         Load.resolveProject(intelij) took 4.125477ms
[debug]       Load.loadTransitive: finalizeProject(Project(id intelij, base: /home/gonza/Escritorio/InteliJ, plugins: List(<none>))) took 7.913161ms
[debug] [Loading] Done in /home/gonza/Escritorio/InteliJ, returning: (intelij)
[debug]     Load.loadUnit: loadedProjectsRaw took 2798.405236ms
[debug]     Load.loadUnit: cleanEvalClasses took 7.250748ms
[debug]   Load.loadUnit(file:/home/gonza/Escritorio/InteliJ/, ...) took 3163.970046ms
[debug] Load.apply: load took 3165.801121ms
[debug] Load.apply: resolveProjects took 0.179557ms
[debug] Load.apply: finalTransforms took 12.572927ms
[debug] Load.apply: config.delegates took 0.472108ms
[debug] Load.apply: Def.make(settings)... took 140.475043ms
[debug] Load.apply: structureIndex took 24.298668ms
[debug] Load.apply: mkStreams took 0.003416ms
[info] set current project to InteliJ (in build file:/home/gonza/Escritorio/InteliJ/)
[debug] > Exec(sbtPopOnFailure, None, None)
[debug] > Exec(resumeFromFailure, None, None)
[debug] > Exec(notifyUsersAboutShell, None, None)
[debug] > Exec(iflast shell, None, None)
[debug] > Exec(shell, None, None)
[info] sbt server started at local:///home/gonza/.sbt/1.0/server/fe44f870bf4115576551/sock
[info] started sbt server
